<?xml version="1.0" encoding="UTF-8"?>
<testsuites name="Test Suite1" time="22.6" tests="1" failures="0" errors="0">
   <testsuite name="Test Suite1" tests="1" failures="0" errors="0" time="22.6" skipped="0" timestamp="2023-06-15 14:32:29" hostname="priscilla.d - inbl01lap5844.brd.g-c-i.com" id="Test Suites/Test Suite1">
      <properties>
         <property name="deviceName" value=""/>
         <property name="devicePlatform" value=""/>
         <property name="logFolder" value="C:\\Users\\priscilla.d\\git\\TestOps-Session8.1\\Reports\\20230615_143211\\Test Suite1\\20230615_143211"/>
         <property name="logFiles" value="C:\\Users\\priscilla.d\\git\\TestOps-Session8.1\\Reports\\20230615_143211\\Test Suite1\\20230615_143211\\execution0.log"/>
         <property name="attachments" value=""/>
         <property name="hostName" value="priscilla.d - inbl01lap5844.brd.g-c-i.com"/>
         <property name="os" value="Windows 10 64bit"/>
         <property name="katalonVersion" value="8.6.0.208"/>
         <property name="browser" value="Chrome 114.0.0.0"/>
         <property name="hostAddress" value="192.168.0.104"/>
         <property name="sessionId" value="f9fd115140b634ae2454656acb8fa784"/>
         <property name="seleniumVersion" value="3.141.59"/>
         <property name="proxyInformation" value="ProxyInformation { proxyOption=NO_PROXY, proxyServerType=HTTP, username=, password=********, proxyServerAddress=, proxyServerPort=0, executionList=&quot;&quot;, isApplyToDesiredCapabilities=true }"/>
         <property name="platform" value="Windows 10"/>
      </properties>
      <testcase name="Test Cases/Test Case 1" time="22.122" classname="Test Cases/Test Case 1" status="PASSED">
         <system-out><![CDATA[2023-06-15 14:32:30 - [TEST_CASE][PASSED] - Test Cases/Test Case 1: Test Cases/Test Case 1

2023-06-15 14:32:31 - [TEST_STEP][PASSED] - openBrowser(""): Browser is opened with url: ''

2023-06-15 14:32:31 - [MESSAGE][INFO] - Starting 'Chrome' driver

2023-06-15 14:32:31 - [MESSAGE][INFO] - Action delay is set to 0 milliseconds

2023-06-15 14:32:42 - [MESSAGE][PASSED] - Browser is opened with url: ''

2023-06-15 14:32:42 - [TEST_STEP][PASSED] - navigateToUrl("https://www.youtube.com"): Navigate to 'https://www.youtube.com' successfully

2023-06-15 14:32:47 - [MESSAGE][PASSED] - Navigate to 'https://www.youtube.com' successfully

2023-06-15 14:32:47 - [TEST_STEP][PASSED] - delay(3): Delayed 3 second(s)

2023-06-15 14:32:51 - [MESSAGE][PASSED] - Delayed 3 second(s)

2023-06-15 14:32:51 - [TEST_STEP][PASSED] - closeBrowser(): Browser is closed

2023-06-15 14:32:52 - [MESSAGE][PASSED] - Browser is closed]]></system-out>
         <system-err><![CDATA[]]></system-err>
      </testcase>
      <system-out><![CDATA[2023-06-15 14:32:29 - [TEST_SUITE][PASSED] - Test Suite1: Test Cases/Test Case 1]]></system-out>
      <system-err><![CDATA[]]></system-err>
   </testsuite>
</testsuites>
